<?xml version="1.0" encoding="UTF-8"?>
<!-- Generated by org.testng.reporters.JUnitReportReporter -->
<testsuite hostname="Sufiyaan-Lappy" failures="0" tests="1" name="TestRunner.LoginRun" time="11.016" errors="0" timestamp="2024-04-14T12:18:41 IST" skipped="0">
  <testcase classname="TestRunner.LoginRun" name="runScenario" time="11.016"/>
</testsuite> <!-- TestRunner.LoginRun -->
