<?xml version="1.0" encoding="UTF-8"?>
<!-- Generated by org.testng.reporters.JUnitReportReporter -->
<testsuite hostname="Sufiyaan-Lappy" failures="0" tests="1" name="TestRunner.FreeCRMrunner" time="14.529" errors="0" timestamp="2024-04-14T10:15:26 IST" skipped="0">
  <testcase classname="TestRunner.FreeCRMrunner" name="runScenario" time="14.529"/>
</testsuite> <!-- TestRunner.FreeCRMrunner -->
