<?xml version="1.0" encoding="UTF-8"?>
<!-- Generated by org.testng.reporters.JUnitReportReporter -->
<testsuite hostname="Sufiyaan-Lappy" failures="0" tests="1" name="TestRunner.runner" time="13.368" errors="0" timestamp="2024-04-01T11:32:13 IST" skipped="0">
  <testcase classname="TestRunner.runner" name="runScenario" time="13.368"/>
</testsuite> <!-- TestRunner.runner -->
